<?xml version="1.0" encoding="UTF-8" ?>
<testsuite tests="5" failures="0" name="ba.pehli.cinema.test.UsersControllerTest" time="1.047" errors="0" skipped="0">
  <properties>
[...]
</properties>
  <testcase classname="ba.pehli.cinema.test.UsersControllerTest" name="testShowRegistring" time="0.846"/>
  <testcase classname="ba.pehli.cinema.test.UsersControllerTest" name="testLoginFail" time="0.087"/>
  <testcase classname="ba.pehli.cinema.test.UsersControllerTest" name="testLoginPass" time="0.003"/>
  <testcase classname="ba.pehli.cinema.test.UsersControllerTest" name="testRegister" time="0.111"/>
  <testcase classname="ba.pehli.cinema.test.UsersControllerTest" name="testVerify" time="0"/>
</testsuite>